<?xml version="1.0" encoding="UTF-8"?>
<!-- Generated by org.testng.reporters.JUnitReportReporter -->
<testsuite hostname="DESKTOP-3NTDLTF" failures="0" tests="2" name="com.suganya.tests.AmazonTest" time="61.828" errors="0" timestamp="2022-10-19T11:24:25 IST" skipped="0">
  <testcase classname="com.suganya.tests.AmazonTest" name="test1" time="30.494"/>
  <system-out/>
  <testcase classname="com.suganya.tests.AmazonTest" name="test1" time="31.334"/>
  <system-out/>
</testsuite> <!-- com.suganya.tests.AmazonTest -->
